<?xml version="1.0" encoding="UTF-8"?>
<testsuite name="com.israel.teste.services.ContactServiceTest" tests="1" skipped="0" failures="0" errors="0" timestamp="2024-06-19T18:45:21" hostname="ni-24019-8p" time="1.945">
  <properties/>
  <testcase name="deleteContact" classname="com.israel.teste.services.ContactServiceTest" time="1.945"/>
  <system-out><![CDATA[15:45:22.478 [Test worker] DEBUG io.mockk.impl.instantiation.AbstractMockFactory - Creating mockk for ContactRepository name=contactRepository#1
15:45:23.482 [Test worker] DEBUG io.mockk.impl.instantiation.AbstractMockFactory - Creating mockk for Optional name=child of contactRepository#1#2
15:45:23.519 [Test worker] DEBUG io.mockk.impl.instantiation.AbstractMockFactory - Creating mockk for Unit name=child of contactRepository#1#3
15:45:23.524 [Test worker] DEBUG io.mockk.impl.recording.states.AnsweringState - Answering Optional[Contact(id=1, name=Israel Santos, email=isantos@gmail.com, phone_number=77981460173)] on ContactRepository(contactRepository#1).findById(1)
15:45:23.527 [Test worker] DEBUG io.mockk.impl.recording.states.AnsweringState - Answering kotlin.Unit on ContactRepository(contactRepository#1).delete(Contact(id=1, name=Israel Santos, email=isantos@gmail.com, phone_number=77981460173))
]]></system-out>
  <system-err><![CDATA[]]></system-err>
</testsuite>
